#
# There is insufficient memory for the Java Runtime Environment to continue.
# Native memory allocation (mmap) failed to map 31981568 bytes for committing reserved memory.
# Possible reasons:
#   The system is out of physical RAM or swap space
#   In 32 bit mode, the process size limit was hit
# Possible solutions:
#   Reduce memory load on the system
#   Increase physical memory or swap space
#   Check if swap backing store is full
#   Use 64 bit Java on a 64 bit OS
#   Decrease Java heap size (-Xmx/-Xms)
#   Decrease number of Java threads
#   Decrease Java thread stack sizes (-Xss)
#   Set larger code cache with -XX:ReservedCodeCacheSize=
# This output file may be truncated or incomplete.
#
#  Out of Memory Error (os_linux.cpp:2627), pid=30575, tid=140435190507264
#
# JRE version:  (8.0_66-b17) (build )
# Java VM: Java HotSpot(TM) 64-Bit Server VM (25.66-b17 mixed mode linux-amd64 compressed oops)
# Failed to write core dump. Core dumps have been disabled. To enable core dumping, try "ulimit -c unlimited" before starting Java again
#

---------------  T H R E A D  ---------------

Current thread (0x00007fb99400a000):  JavaThread "Unknown thread" [_thread_in_vm, id=30585, stack(0x00007fb99d94e000,0x00007fb99da4f000)]

Stack: [0x00007fb99d94e000,0x00007fb99da4f000],  sp=0x00007fb99da4d3b0,  free space=1020k
Native frames: (J=compiled Java code, j=interpreted, Vv=VM code, C=native code)
V  [libjvm.so+0xab9a1a]  VMError::report_and_die()+0x2ba
V  [libjvm.so+0x4f9e0b]  report_vm_out_of_memory(char const*, int, unsigned long, VMErrorType, char const*)+0x8b
V  [libjvm.so+0x91a8a3]  os::Linux::commit_memory_impl(char*, unsigned long, bool)+0x103
V  [libjvm.so+0x91adf9]  os::pd_commit_memory(char*, unsigned long, unsigned long, bool)+0x29
V  [libjvm.so+0x91510a]  os::commit_memory(char*, unsigned long, unsigned long, bool)+0x2a
V  [libjvm.so+0x9887a3]  PSVirtualSpace::expand_by(unsigned long)+0x53
V  [libjvm.so+0x989765]  PSYoungGen::initialize_virtual_space(ReservedSpace, unsigned long)+0x75
V  [libjvm.so+0x98a0ce]  PSYoungGen::initialize(ReservedSpace, unsigned long)+0x3e
V  [libjvm.so+0x2d8165]  AdjoiningGenerations::AdjoiningGenerations(ReservedSpace, GenerationSizer*, unsigned long)+0x345
V  [libjvm.so+0x93dbc6]  ParallelScavengeHeap::initialize()+0x1d6
V  [libjvm.so+0xa8224b]  Universe::initialize_heap()+0xfb
V  [libjvm.so+0xa825be]  universe_init()+0x3e
V  [libjvm.so+0x6388f5]  init_globals()+0x65
V  [libjvm.so+0xa667be]  Threads::create_vm(JavaVMInitArgs*, bool*)+0x23e
V  [libjvm.so+0x6cce14]  JNI_CreateJavaVM+0x74
C  [libjli.so+0x745e]  JavaMain+0x9e
C  [libpthread.so.0+0x8184]  start_thread+0xc4


---------------  P R O C E S S  ---------------

Java Threads: ( => current thread )

Other Threads:

=>0x00007fb99400a000 (exited) JavaThread "Unknown thread" [_thread_in_vm, id=30585, stack(0x00007fb99d94e000,0x00007fb99da4f000)]

VM state:not at safepoint (not fully initialized)

VM Mutex/Monitor currently owned by a thread: None

GC Heap History (0 events):
No events

Deoptimization events (0 events):
No events

Internal exceptions (0 events):
No events

Events (0 events):
No events


Dynamic libraries:
00400000-00401000 r-xp 00000000 08:05 919329                             /usr/lib/jdk1.8.0/bin/java
00600000-00601000 rw-p 00000000 08:05 919329                             /usr/lib/jdk1.8.0/bin/java
01ba6000-01bc7000 rw-p 00000000 00:00 0                                  [heap]
c0000000-eab00000 ---p 00000000 00:00 0 
ec980000-100000000 ---p 00000000 00:00 0 
7fb985000000-7fb985270000 rwxp 00000000 00:00 0 
7fb985270000-7fb994000000 ---p 00000000 00:00 0 
7fb994000000-7fb994031000 rw-p 00000000 00:00 0 
7fb994031000-7fb998000000 ---p 00000000 00:00 0 
7fb99a28d000-7fb99a512000 rw-p 00000000 00:00 0 
7fb99a512000-7fb99a712000 ---p 00000000 00:00 0 
7fb99a712000-7fb99a71d000 rw-p 00000000 00:00 0 
7fb99a71d000-7fb99aad3000 ---p 00000000 00:00 0 
7fb99aad3000-7fb99aaed000 r-xp 00000000 08:05 921075                     /usr/lib/jdk1.8.0/jre/lib/amd64/libzip.so
7fb99aaed000-7fb99aced000 ---p 0001a000 08:05 921075                     /usr/lib/jdk1.8.0/jre/lib/amd64/libzip.so
7fb99aced000-7fb99acee000 rw-p 0001a000 08:05 921075                     /usr/lib/jdk1.8.0/jre/lib/amd64/libzip.so
7fb99acee000-7fb99acf8000 r-xp 00000000 08:05 2381195                    /lib/x86_64-linux-gnu/libnss_files-2.19.so
7fb99acf8000-7fb99aef7000 ---p 0000a000 08:05 2381195                    /lib/x86_64-linux-gnu/libnss_files-2.19.so
7fb99aef7000-7fb99aef8000 r--p 00009000 08:05 2381195                    /lib/x86_64-linux-gnu/libnss_files-2.19.so
7fb99aef8000-7fb99aef9000 rw-p 0000a000 08:05 2381195                    /lib/x86_64-linux-gnu/libnss_files-2.19.so
7fb99aef9000-7fb99af04000 r-xp 00000000 08:05 2381187                    /lib/x86_64-linux-gnu/libnss_nis-2.19.so
7fb99af04000-7fb99b103000 ---p 0000b000 08:05 2381187                    /lib/x86_64-linux-gnu/libnss_nis-2.19.so
7fb99b103000-7fb99b104000 r--p 0000a000 08:05 2381187                    /lib/x86_64-linux-gnu/libnss_nis-2.19.so
7fb99b104000-7fb99b105000 rw-p 0000b000 08:05 2381187                    /lib/x86_64-linux-gnu/libnss_nis-2.19.so
7fb99b105000-7fb99b11c000 r-xp 00000000 08:05 2381183                    /lib/x86_64-linux-gnu/libnsl-2.19.so
7fb99b11c000-7fb99b31b000 ---p 00017000 08:05 2381183                    /lib/x86_64-linux-gnu/libnsl-2.19.so
7fb99b31b000-7fb99b31c000 r--p 00016000 08:05 2381183                    /lib/x86_64-linux-gnu/libnsl-2.19.so
7fb99b31c000-7fb99b31d000 rw-p 00017000 08:05 2381183                    /lib/x86_64-linux-gnu/libnsl-2.19.so
7fb99b31d000-7fb99b31f000 rw-p 00000000 00:00 0 
7fb99b31f000-7fb99b328000 r-xp 00000000 08:05 2381182                    /lib/x86_64-linux-gnu/libnss_compat-2.19.so
7fb99b328000-7fb99b527000 ---p 00009000 08:05 2381182                    /lib/x86_64-linux-gnu/libnss_compat-2.19.so
7fb99b527000-7fb99b528000 r--p 00008000 08:05 2381182                    /lib/x86_64-linux-gnu/libnss_compat-2.19.so
7fb99b528000-7fb99b529000 rw-p 00009000 08:05 2381182                    /lib/x86_64-linux-gnu/libnss_compat-2.19.so
7fb99b529000-7fb99b553000 r-xp 00000000 08:05 921070                     /usr/lib/jdk1.8.0/jre/lib/amd64/libjava.so
7fb99b553000-7fb99b753000 ---p 0002a000 08:05 921070                     /usr/lib/jdk1.8.0/jre/lib/amd64/libjava.so
7fb99b753000-7fb99b755000 rw-p 0002a000 08:05 921070                     /usr/lib/jdk1.8.0/jre/lib/amd64/libjava.so
7fb99b755000-7fb99b762000 r-xp 00000000 08:05 921074                     /usr/lib/jdk1.8.0/jre/lib/amd64/libverify.so
7fb99b762000-7fb99b962000 ---p 0000d000 08:05 921074                     /usr/lib/jdk1.8.0/jre/lib/amd64/libverify.so
7fb99b962000-7fb99b964000 rw-p 0000d000 08:05 921074                     /usr/lib/jdk1.8.0/jre/lib/amd64/libverify.so
7fb99b964000-7fb99b96b000 r-xp 00000000 08:05 2381191                    /lib/x86_64-linux-gnu/librt-2.19.so
7fb99b96b000-7fb99bb6a000 ---p 00007000 08:05 2381191                    /lib/x86_64-linux-gnu/librt-2.19.so
7fb99bb6a000-7fb99bb6b000 r--p 00006000 08:05 2381191                    /lib/x86_64-linux-gnu/librt-2.19.so
7fb99bb6b000-7fb99bb6c000 rw-p 00007000 08:05 2381191                    /lib/x86_64-linux-gnu/librt-2.19.so
7fb99bb6c000-7fb99bc71000 r-xp 00000000 08:05 2381177                    /lib/x86_64-linux-gnu/libm-2.19.so
7fb99bc71000-7fb99be70000 ---p 00105000 08:05 2381177                    /lib/x86_64-linux-gnu/libm-2.19.so
7fb99be70000-7fb99be71000 r--p 00104000 08:05 2381177                    /lib/x86_64-linux-gnu/libm-2.19.so
7fb99be71000-7fb99be72000 rw-p 00105000 08:05 2381177                    /lib/x86_64-linux-gnu/libm-2.19.so
7fb99be72000-7fb99cb30000 r-xp 00000000 08:05 921053                     /usr/lib/jdk1.8.0/jre/lib/amd64/server/libjvm.so
7fb99cb30000-7fb99cd2f000 ---p 00cbe000 08:05 921053                     /usr/lib/jdk1.8.0/jre/lib/amd64/server/libjvm.so
7fb99cd2f000-7fb99ce08000 rw-p 00cbd000 08:05 921053                     /usr/lib/jdk1.8.0/jre/lib/amd64/server/libjvm.so
7fb99ce08000-7fb99ce4c000 rw-p 00000000 00:00 0 
7fb99ce4c000-7fb99d006000 r-xp 00000000 08:05 2381192                    /lib/x86_64-linux-gnu/libc-2.19.so
7fb99d006000-7fb99d206000 ---p 001ba000 08:05 2381192                    /lib/x86_64-linux-gnu/libc-2.19.so
7fb99d206000-7fb99d20a000 r--p 001ba000 08:05 2381192                    /lib/x86_64-linux-gnu/libc-2.19.so
7fb99d20a000-7fb99d20c000 rw-p 001be000 08:05 2381192                    /lib/x86_64-linux-gnu/libc-2.19.so
7fb99d20c000-7fb99d211000 rw-p 00000000 00:00 0 
7fb99d211000-7fb99d214000 r-xp 00000000 08:05 2381179                    /lib/x86_64-linux-gnu/libdl-2.19.so
7fb99d214000-7fb99d413000 ---p 00003000 08:05 2381179                    /lib/x86_64-linux-gnu/libdl-2.19.so
7fb99d413000-7fb99d414000 r--p 00002000 08:05 2381179                    /lib/x86_64-linux-gnu/libdl-2.19.so
7fb99d414000-7fb99d415000 rw-p 00003000 08:05 2381179                    /lib/x86_64-linux-gnu/libdl-2.19.so
7fb99d415000-7fb99d42a000 r-xp 00000000 08:05 920690                     /usr/lib/jdk1.8.0/lib/amd64/jli/libjli.so
7fb99d42a000-7fb99d62a000 ---p 00015000 08:05 920690                     /usr/lib/jdk1.8.0/lib/amd64/jli/libjli.so
7fb99d62a000-7fb99d62b000 rw-p 00015000 08:05 920690                     /usr/lib/jdk1.8.0/lib/amd64/jli/libjli.so
7fb99d62b000-7fb99d644000 r-xp 00000000 08:05 2381184                    /lib/x86_64-linux-gnu/libpthread-2.19.so
7fb99d644000-7fb99d843000 ---p 00019000 08:05 2381184                    /lib/x86_64-linux-gnu/libpthread-2.19.so
7fb99d843000-7fb99d844000 r--p 00018000 08:05 2381184                    /lib/x86_64-linux-gnu/libpthread-2.19.so
7fb99d844000-7fb99d845000 rw-p 00019000 08:05 2381184                    /lib/x86_64-linux-gnu/libpthread-2.19.so
7fb99d845000-7fb99d849000 rw-p 00000000 00:00 0 
7fb99d849000-7fb99d86c000 r-xp 00000000 08:05 2381185                    /lib/x86_64-linux-gnu/ld-2.19.so
7fb99d94e000-7fb99d951000 ---p 00000000 00:00 0 
7fb99d951000-7fb99da53000 rw-p 00000000 00:00 0 
7fb99da5c000-7fb99da5f000 rw-p 00000000 00:00 0 
7fb99da5f000-7fb99da67000 rw-s 00000000 08:05 2250605                    /tmp/hsperfdata_sushant/30575
7fb99da67000-7fb99da68000 rw-p 00000000 00:00 0 
7fb99da68000-7fb99da69000 r--p 00000000 00:00 0 
7fb99da69000-7fb99da6b000 rw-p 00000000 00:00 0 
7fb99da6b000-7fb99da6c000 r--p 00022000 08:05 2381185                    /lib/x86_64-linux-gnu/ld-2.19.so
7fb99da6c000-7fb99da6d000 rw-p 00023000 08:05 2381185                    /lib/x86_64-linux-gnu/ld-2.19.so
7fb99da6d000-7fb99da6e000 rw-p 00000000 00:00 0 
7ffc167ae000-7ffc167cf000 rw-p 00000000 00:00 0                          [stack]
7ffc167f7000-7ffc167f9000 r--p 00000000 00:00 0                          [vvar]
7ffc167f9000-7ffc167fb000 r-xp 00000000 00:00 0                          [vdso]
ffffffffff600000-ffffffffff601000 r-xp 00000000 00:00 0                  [vsyscall]

VM Arguments:
jvm_args: -Djava.awt.headless=true -Xmx1024M -Dfile.encoding=UTF-8 -Duser.country=IN -Duser.language=en -Duser.variant 
java_command: com.android.dx.command.Main --dex --force-jumbo --num-threads=4 --multi-dex --output /home/sushant/InventoryApp/app/build/intermediates/transforms/dex/debug/folders/1000/5/slice_5 /home/sushant/InventoryApp/app/build/intermediates/transforms/instantRunSlicer/debug/folders/1/5/slice_5
java_class_path (initial): /home/sushant/Android/Sdk/build-tools/23.0.3/lib/dx.jar
Launcher Type: SUN_STANDARD

Environment Variables:
JAVA_HOME=/usr/lib/jvm/java-8-oracle
PATH=/usr/local/sbin:/usr/local/bin:/usr/sbin:/usr/bin:/sbin:/bin:/usr/games:/usr/local/games:/usr/lib/jvm/java-8-oracle/bin:/usr/lib/jvm/java-8-oracle/db/bin:/usr/lib/jvm/java-8-oracle/jre/bin
LD_LIBRARY_PATH=/home/sushant/AndroidStudio2.1/android-studio/bin:
SHELL=/bin/bash
DISPLAY=:0

Signal Handlers:
SIGSEGV: [libjvm.so+0xaba2a0], sa_mask[0]=11111111011111111101111111111110, sa_flags=SA_RESTART|SA_SIGINFO
SIGBUS: [libjvm.so+0xaba2a0], sa_mask[0]=11111111011111111101111111111110, sa_flags=SA_RESTART|SA_SIGINFO
SIGFPE: [libjvm.so+0x917710], sa_mask[0]=11111111011111111101111111111110, sa_flags=SA_RESTART|SA_SIGINFO
SIGPIPE: [libjvm.so+0x917710], sa_mask[0]=11111111011111111101111111111110, sa_flags=SA_RESTART|SA_SIGINFO
SIGXFSZ: [libjvm.so+0x917710], sa_mask[0]=11111111011111111101111111111110, sa_flags=SA_RESTART|SA_SIGINFO
SIGILL: [libjvm.so+0x917710], sa_mask[0]=11111111011111111101111111111110, sa_flags=SA_RESTART|SA_SIGINFO
SIGUSR1: SIG_DFL, sa_mask[0]=00000000000000000000000000000000, sa_flags=none
SIGUSR2: [libjvm.so+0x918d40], sa_mask[0]=00100000000000000000000000000000, sa_flags=SA_RESTART|SA_SIGINFO
SIGHUP: SIG_DFL, sa_mask[0]=00000000000000000000000000000000, sa_flags=none
SIGINT: SIG_DFL, sa_mask[0]=00000000000000000000000000000000, sa_flags=none
SIGTERM: SIG_DFL, sa_mask[0]=00000000000000000000000000000000, sa_flags=none
SIGQUIT: SIG_DFL, sa_mask[0]=00000000000000000000000000000000, sa_flags=none


---------------  S Y S T E M  ---------------

OS:DISTRIB_ID=Ubuntu
DISTRIB_RELEASE=14.04
DISTRIB_CODENAME=trusty
DISTRIB_DESCRIPTION="Ubuntu 14.04.5 LTS"

uname:Linux 3.19.0-73-generic #81~14.04.1-Ubuntu SMP Wed Oct 19 00:03:45 UTC 2016 x86_64
libc:glibc 2.19 NPTL 2.19 
rlimit: STACK 8192k, CORE 0k, NPROC 23418, NOFILE 4096, AS infinity
load average:86.95 89.15 87.49

/proc/meminfo:
MemTotal:        6016408 kB
MemFree:         1227376 kB
MemAvailable:    1192152 kB
Buffers:            2404 kB
Cached:           753732 kB
SwapCached:            0 kB
Active:          3958424 kB
Inactive:         660712 kB
Active(anon):    3948360 kB
Inactive(anon):   606932 kB
Active(file):      10064 kB
Inactive(file):    53780 kB
Unevictable:         100 kB
Mlocked:             100 kB
SwapTotal:             0 kB
SwapFree:              0 kB
Dirty:               164 kB
Writeback:             0 kB
AnonPages:       3863396 kB
Mapped:           232408 kB
Shmem:            692072 kB
Slab:              70604 kB
SReclaimable:      34640 kB
SUnreclaim:        35964 kB
KernelStack:       10784 kB
PageTables:        39472 kB
NFS_Unstable:          0 kB
Bounce:                0 kB
WritebackTmp:          0 kB
CommitLimit:     3008204 kB
Committed_AS:    7807140 kB
VmallocTotal:   34359738367 kB
VmallocUsed:      358328 kB
VmallocChunk:   34359372888 kB
HardwareCorrupted:     0 kB
AnonHugePages:   2113536 kB
CmaTotal:              0 kB
CmaFree:               0 kB
HugePages_Total:       0
HugePages_Free:        0
HugePages_Rsvd:        0
HugePages_Surp:        0
Hugepagesize:       2048 kB
DirectMap4k:      212552 kB
DirectMap2M:     5984256 kB


CPU:total 4 (2 cores per cpu, 2 threads per core) family 6 model 42 stepping 7, cmov, cx8, fxsr, mmx, sse, sse2, sse3, ssse3, sse4.1, sse4.2, popcnt, avx, aes, clmul, ht, tsc, tscinvbit

/proc/cpuinfo:
processor	: 0
vendor_id	: GenuineIntel
cpu family	: 6
model		: 42
model name	: Intel(R) Core(TM) i5-2410M CPU @ 2.30GHz
stepping	: 7
microcode	: 0x1b
cpu MHz		: 1099.957
cache size	: 3072 KB
physical id	: 0
siblings	: 4
core id		: 0
cpu cores	: 2
apicid		: 0
initial apicid	: 0
fpu		: yes
fpu_exception	: yes
cpuid level	: 13
wp		: yes
flags		: fpu vme de pse tsc msr pae mce cx8 apic sep mtrr pge mca cmov pat pse36 clflush dts acpi mmx fxsr sse sse2 ss ht tm pbe syscall nx rdtscp lm constant_tsc arch_perfmon pebs bts rep_good nopl xtopology nonstop_tsc aperfmperf eagerfpu pni pclmulqdq dtes64 monitor ds_cpl vmx est tm2 ssse3 cx16 xtpr pdcm pcid sse4_1 sse4_2 x2apic popcnt tsc_deadline_timer aes xsave avx lahf_lm ida arat epb pln pts dtherm tpr_shadow vnmi flexpriority ept vpid xsaveopt
bugs		:
bogomips	: 4589.54
clflush size	: 64
cache_alignment	: 64
address sizes	: 36 bits physical, 48 bits virtual
power management:

processor	: 1
vendor_id	: GenuineIntel
cpu family	: 6
model		: 42
model name	: Intel(R) Core(TM) i5-2410M CPU @ 2.30GHz
stepping	: 7
microcode	: 0x1b
cpu MHz		: 1099.957
cache size	: 3072 KB
physical id	: 0
siblings	: 4
core id		: 1
cpu cores	: 2
apicid		: 2
initial apicid	: 2
fpu		: yes
fpu_exception	: yes
cpuid level	: 13
wp		: yes
flags		: fpu vme de pse tsc msr pae mce cx8 apic sep mtrr pge mca cmov pat pse36 clflush dts acpi mmx fxsr sse sse2 ss ht tm pbe syscall nx rdtscp lm constant_tsc arch_perfmon pebs bts rep_good nopl xtopology nonstop_tsc aperfmperf eagerfpu pni pclmulqdq dtes64 monitor ds_cpl vmx est tm2 ssse3 cx16 xtpr pdcm pcid sse4_1 sse4_2 x2apic popcnt tsc_deadline_timer aes xsave avx lahf_lm ida arat epb pln pts dtherm tpr_shadow vnmi flexpriority ept vpid xsaveopt
bugs		:
bogomips	: 4589.54
clflush size	: 64
cache_alignment	: 64
address sizes	: 36 bits physical, 48 bits virtual
power management:

processor	: 2
vendor_id	: GenuineIntel
cpu family	: 6
model		: 42
model name	: Intel(R) Core(TM) i5-2410M CPU @ 2.30GHz
stepping	: 7
microcode	: 0x1b
cpu MHz		: 1099.957
cache size	: 3072 KB
physical id	: 0
siblings	: 4
core id		: 0
cpu cores	: 2
apicid		: 1
initial apicid	: 1
fpu		: yes
fpu_exception	: yes
cpuid level	: 13
wp		: yes
flags		: fpu vme de pse tsc msr pae mce cx8 apic sep mtrr pge mca cmov pat pse36 clflush dts acpi mmx fxsr sse sse2 ss ht tm pbe syscall nx rdtscp lm constant_tsc arch_perfmon pebs bts rep_good nopl xtopology nonstop_tsc aperfmperf eagerfpu pni pclmulqdq dtes64 monitor ds_cpl vmx est tm2 ssse3 cx16 xtpr pdcm pcid sse4_1 sse4_2 x2apic popcnt tsc_deadline_timer aes xsave avx lahf_lm ida arat epb pln pts dtherm tpr_shadow vnmi flexpriority ept vpid xsaveopt
bugs		:
bogomips	: 4589.54
clflush size	: 64
cache_alignment	: 64
address sizes	: 36 bits physical, 48 bits virtual
power management:

processor	: 3
vendor_id	: GenuineIntel
cpu family	: 6
model		: 42
model name	: Intel(R) Core(TM) i5-2410M CPU @ 2.30GHz
stepping	: 7
microcode	: 0x1b
cpu MHz		: 1099.957
cache size	: 3072 KB
physical id	: 0
siblings	: 4
core id		: 1
cpu cores	: 2
apicid		: 3
initial apicid	: 3
fpu		: yes
fpu_exception	: yes
cpuid level	: 13
wp		: yes
flags		: fpu vme de pse tsc msr pae mce cx8 apic sep mtrr pge mca cmov pat pse36 clflush dts acpi mmx fxsr sse sse2 ss ht tm pbe syscall nx rdtscp lm constant_tsc arch_perfmon pebs bts rep_good nopl xtopology nonstop_tsc aperfmperf eagerfpu pni pclmulqdq dtes64 monitor ds_cpl vmx est tm2 ssse3 cx16 xtpr pdcm pcid sse4_1 sse4_2 x2apic popcnt tsc_deadline_timer aes xsave avx lahf_lm ida arat epb pln pts dtherm tpr_shadow vnmi flexpriority ept vpid xsaveopt
bugs		:
bogomips	: 4589.54
clflush size	: 64
cache_alignment	: 64
address sizes	: 36 bits physical, 48 bits virtual
power management:



Memory: 4k page, physical 6016408k(1227376k free), swap 0k(0k free)

vm_info: Java HotSpot(TM) 64-Bit Server VM (25.66-b17) for linux-amd64 JRE (1.8.0_66-b17), built on Oct  6 2015 17:28:34 by "java_re" with gcc 4.3.0 20080428 (Red Hat 4.3.0-8)

time: Fri Nov 11 22:44:22 2016
elapsed time: 3448 seconds (0d 0h 57m 28s)

